{"/tmp/finance-manager-2/backend/database.js": {"path":"/tmp/finance-manager-2/backend/database.js","statementMap":{"0":{"start":{"line":1,"column":17},"end":{"line":1,"column":42}},"1":{"start":{"line":2,"column":13},"end":{"line":2,"column":28}},"2":{"start":{"line":4,"column":16},"end":{"line":4,"column":108}},"3":{"start":{"line":5,"column":11},"end":{"line":5,"column":32}},"4":{"start":{"line":8,"column":0},"end":{"line":8,"column":32}},"5":{"start":{"line":9,"column":0},"end":{"line":9,"column":31}},"6":{"start":{"line":12,"column":0},"end":{"line":12,"column":10}},"7":{"start":{"line":16,"column":2},"end":{"line":22,"column":5}},"8":{"start":{"line":25,"column":2},"end":{"line":37,"column":5}},"9":{"start":{"line":38,"column":2},"end":{"line":38,"column":89}},"10":{"start":{"line":41,"column":2},"end":{"line":59,"column":5}},"11":{"start":{"line":60,"column":2},"end":{"line":60,"column":93}},"12":{"start":{"line":61,"column":2},"end":{"line":61,"column":84}},"13":{"start":{"line":62,"column":2},"end":{"line":62,"column":95}},"14":{"start":{"line":65,"column":2},"end":{"line":76,"column":5}},"15":{"start":{"line":77,"column":2},"end":{"line":77,"column":83}},"16":{"start":{"line":80,"column":2},"end":{"line":91,"column":5}},"17":{"start":{"line":92,"column":2},"end":{"line":92,"column":95}},"18":{"start":{"line":95,"column":2},"end":{"line":101,"column":5}},"19":{"start":{"line":102,"column":2},"end":{"line":102,"column":104}},"20":{"start":{"line":105,"column":2},"end":{"line":116,"column":5}},"21":{"start":{"line":117,"column":2},"end":{"line":117,"column":79}},"22":{"start":{"line":120,"column":2},"end":{"line":128,"column":5}},"23":{"start":{"line":131,"column":2},"end":{"line":139,"column":5}},"24":{"start":{"line":142,"column":2},"end":{"line":149,"column":5}},"25":{"start":{"line":152,"column":2},"end":{"line":159,"column":5}},"26":{"start":{"line":162,"column":2},"end":{"line":168,"column":5}},"27":{"start":{"line":171,"column":2},"end":{"line":182,"column":5}},"28":{"start":{"line":183,"column":2},"end":{"line":183,"column":85}},"29":{"start":{"line":186,"column":2},"end":{"line":194,"column":5}},"30":{"start":{"line":195,"column":2},"end":{"line":195,"column":107}},"31":{"start":{"line":196,"column":2},"end":{"line":196,"column":109}},"32":{"start":{"line":198,"column":2},"end":{"line":213,"column":5}},"33":{"start":{"line":214,"column":2},"end":{"line":214,"column":100}},"34":{"start":{"line":217,"column":2},"end":{"line":235,"column":5}},"35":{"start":{"line":236,"column":2},"end":{"line":236,"column":79}},"36":{"start":{"line":239,"column":0},"end":{"line":250,"column":3}},"37":{"start":{"line":251,"column":0},"end":{"line":251,"column":83}},"38":{"start":{"line":254,"column":2},"end":{"line":265,"column":5}},"39":{"start":{"line":266,"column":2},"end":{"line":266,"column":105}},"40":{"start":{"line":267,"column":2},"end":{"line":267,"column":98}},"41":{"start":{"line":268,"column":2},"end":{"line":268,"column":107}},"42":{"start":{"line":271,"column":2},"end":{"line":280,"column":5}},"43":{"start":{"line":281,"column":2},"end":{"line":281,"column":77}},"44":{"start":{"line":284,"column":2},"end":{"line":292,"column":5}},"45":{"start":{"line":293,"column":2},"end":{"line":293,"column":91}},"46":{"start":{"line":294,"column":2},"end":{"line":294,"column":84}},"47":{"start":{"line":297,"column":2},"end":{"line":309,"column":5}},"48":{"start":{"line":310,"column":2},"end":{"line":310,"column":94}},"49":{"start":{"line":311,"column":2},"end":{"line":311,"column":91}},"50":{"start":{"line":314,"column":2},"end":{"line":316,"column":3}},"51":{"start":{"line":315,"column":4},"end":{"line":315,"column":107}},"52":{"start":{"line":315,"column":10},"end":{"line":315,"column":93}},"53":{"start":{"line":317,"column":2},"end":{"line":319,"column":3}},"54":{"start":{"line":318,"column":4},"end":{"line":318,"column":109}},"55":{"start":{"line":318,"column":10},"end":{"line":318,"column":95}},"56":{"start":{"line":320,"column":2},"end":{"line":322,"column":3}},"57":{"start":{"line":321,"column":4},"end":{"line":321,"column":104}},"58":{"start":{"line":321,"column":10},"end":{"line":321,"column":90}},"59":{"start":{"line":323,"column":2},"end":{"line":325,"column":3}},"60":{"start":{"line":324,"column":4},"end":{"line":324,"column":102}},"61":{"start":{"line":324,"column":10},"end":{"line":324,"column":88}},"62":{"start":{"line":326,"column":2},"end":{"line":328,"column":3}},"63":{"start":{"line":327,"column":4},"end":{"line":327,"column":96}},"64":{"start":{"line":327,"column":10},"end":{"line":327,"column":82}},"65":{"start":{"line":331,"column":2},"end":{"line":335,"column":3}},"66":{"start":{"line":332,"column":4},"end":{"line":334,"column":17}},"67":{"start":{"line":333,"column":6},"end":{"line":333,"column":98}},"68":{"start":{"line":338,"column":2},"end":{"line":340,"column":3}},"69":{"start":{"line":339,"column":4},"end":{"line":339,"column":104}},"70":{"start":{"line":339,"column":10},"end":{"line":339,"column":90}},"71":{"start":{"line":343,"column":2},"end":{"line":345,"column":3}},"72":{"start":{"line":344,"column":4},"end":{"line":344,"column":100}},"73":{"start":{"line":344,"column":10},"end":{"line":344,"column":86}},"74":{"start":{"line":348,"column":2},"end":{"line":350,"column":3}},"75":{"start":{"line":349,"column":4},"end":{"line":349,"column":90}},"76":{"start":{"line":349,"column":10},"end":{"line":349,"column":76}},"77":{"start":{"line":353,"column":2},"end":{"line":355,"column":3}},"78":{"start":{"line":354,"column":4},"end":{"line":354,"column":104}},"79":{"start":{"line":354,"column":10},"end":{"line":354,"column":90}},"80":{"start":{"line":358,"column":2},"end":{"line":360,"column":3}},"81":{"start":{"line":359,"column":4},"end":{"line":359,"column":90}},"82":{"start":{"line":359,"column":10},"end":{"line":359,"column":76}},"83":{"start":{"line":361,"column":2},"end":{"line":363,"column":3}},"84":{"start":{"line":362,"column":4},"end":{"line":362,"column":100}},"85":{"start":{"line":362,"column":10},"end":{"line":362,"column":86}},"86":{"start":{"line":366,"column":2},"end":{"line":379,"column":5}},"87":{"start":{"line":380,"column":2},"end":{"line":380,"column":85}},"88":{"start":{"line":381,"column":2},"end":{"line":381,"column":93}},"89":{"start":{"line":384,"column":2},"end":{"line":386,"column":3}},"90":{"start":{"line":385,"column":4},"end":{"line":385,"column":101}},"91":{"start":{"line":385,"column":10},"end":{"line":385,"column":87}},"92":{"start":{"line":387,"column":2},"end":{"line":389,"column":3}},"93":{"start":{"line":388,"column":4},"end":{"line":388,"column":97}},"94":{"start":{"line":388,"column":10},"end":{"line":388,"column":83}},"95":{"start":{"line":390,"column":2},"end":{"line":392,"column":3}},"96":{"start":{"line":391,"column":4},"end":{"line":391,"column":95}},"97":{"start":{"line":391,"column":10},"end":{"line":391,"column":81}},"98":{"start":{"line":395,"column":2},"end":{"line":397,"column":3}},"99":{"start":{"line":396,"column":4},"end":{"line":396,"column":78}},"100":{"start":{"line":396,"column":10},"end":{"line":396,"column":64}},"101":{"start":{"line":398,"column":2},"end":{"line":400,"column":3}},"102":{"start":{"line":399,"column":4},"end":{"line":399,"column":83}},"103":{"start":{"line":399,"column":10},"end":{"line":399,"column":69}},"104":{"start":{"line":401,"column":2},"end":{"line":403,"column":3}},"105":{"start":{"line":402,"column":4},"end":{"line":402,"column":92}},"106":{"start":{"line":402,"column":10},"end":{"line":402,"column":78}},"107":{"start":{"line":406,"column":2},"end":{"line":408,"column":3}},"108":{"start":{"line":407,"column":4},"end":{"line":407,"column":84}},"109":{"start":{"line":407,"column":10},"end":{"line":407,"column":70}},"110":{"start":{"line":411,"column":20},"end":{"line":411,"column":71}},"111":{"start":{"line":412,"column":2},"end":{"line":416,"column":3}},"112":{"start":{"line":413,"column":19},"end":{"line":413,"column":36}},"113":{"start":{"line":414,"column":25},"end":{"line":414,"column":52}},"114":{"start":{"line":415,"column":4},"end":{"line":415,"column":102}},"115":{"start":{"line":419,"column":2},"end":{"line":419,"column":26}},"116":{"start":{"line":423,"column":19},"end":{"line":427,"column":3}},"117":{"start":{"line":430,"column":24},"end":{"line":430,"column":93}},"118":{"start":{"line":431,"column":2},"end":{"line":433,"column":3}},"119":{"start":{"line":432,"column":4},"end":{"line":432,"column":36}},"120":{"start":{"line":436,"column":2},"end":{"line":441,"column":3}},"121":{"start":{"line":437,"column":21},"end":{"line":437,"column":108}},"122":{"start":{"line":438,"column":4},"end":{"line":440,"column":5}},"123":{"start":{"line":439,"column":6},"end":{"line":439,"column":43}},"124":{"start":{"line":444,"column":2},"end":{"line":449,"column":3}},"125":{"start":{"line":445,"column":20},"end":{"line":445,"column":109}},"126":{"start":{"line":446,"column":4},"end":{"line":448,"column":5}},"127":{"start":{"line":447,"column":6},"end":{"line":447,"column":31}},"128":{"start":{"line":453,"column":20},"end":{"line":455,"column":3}},"129":{"start":{"line":457,"column":21},"end":{"line":483,"column":3}},"130":{"start":{"line":485,"column":2},"end":{"line":487,"column":3}},"131":{"start":{"line":486,"column":4},"end":{"line":486,"column":37}},"132":{"start":{"line":491,"column":34},"end":{"line":491,"column":41}},"133":{"start":{"line":494,"column":15},"end":{"line":494,"column":17}},"134":{"start":{"line":495,"column":2},"end":{"line":497,"column":5}},"135":{"start":{"line":496,"column":4},"end":{"line":496,"column":24}},"136":{"start":{"line":500,"column":16},"end":{"line":500,"column":44}},"137":{"start":{"line":500,"column":26},"end":{"line":500,"column":44}},"138":{"start":{"line":503,"column":21},"end":{"line":503,"column":40}},"139":{"start":{"line":504,"column":20},"end":{"line":504,"column":24}},"140":{"start":{"line":505,"column":22},"end":{"line":505,"column":26}},"141":{"start":{"line":508,"column":2},"end":{"line":508,"column":38}},"142":{"start":{"line":511,"column":2},"end":{"line":511,"column":46}},"143":{"start":{"line":514,"column":2},"end":{"line":514,"column":73}},"144":{"start":{"line":517,"column":2},"end":{"line":517,"column":68}},"145":{"start":{"line":520,"column":2},"end":{"line":520,"column":42}},"146":{"start":{"line":523,"column":2},"end":{"line":523,"column":35}},"147":{"start":{"line":526,"column":2},"end":{"line":526,"column":49}},"148":{"start":{"line":530,"column":18},"end":{"line":632,"column":3}},"149":{"start":{"line":634,"column":2},"end":{"line":634,"column":23}},"150":{"start":{"line":638,"column":24},"end":{"line":640,"column":3}},"151":{"start":{"line":642,"column":2},"end":{"line":644,"column":3}},"152":{"start":{"line":643,"column":4},"end":{"line":643,"column":73}},"153":{"start":{"line":648,"column":21},"end":{"line":650,"column":3}},"154":{"start":{"line":652,"column":2},"end":{"line":659,"column":3}},"155":{"start":{"line":654,"column":26},"end":{"line":654,"column":73}},"156":{"start":{"line":655,"column":27},"end":{"line":655,"column":86}},"157":{"start":{"line":656,"column":22},"end":{"line":656,"column":61}},"158":{"start":{"line":658,"column":4},"end":{"line":658,"column":90}},"159":{"start":{"line":663,"column":19},"end":{"line":665,"column":3}},"160":{"start":{"line":668,"column":24},"end":{"line":668,"column":28}},"161":{"start":{"line":669,"column":24},"end":{"line":669,"column":79}},"162":{"start":{"line":669,"column":34},"end":{"line":669,"column":79}},"163":{"start":{"line":671,"column":24},"end":{"line":671,"column":44}},"164":{"start":{"line":672,"column":20},"end":{"line":672,"column":50}},"165":{"start":{"line":673,"column":20},"end":{"line":673,"column":50}},"166":{"start":{"line":675,"column":2},"end":{"line":861,"column":3}},"167":{"start":{"line":675,"column":18},"end":{"line":675,"column":27}},"168":{"start":{"line":676,"column":25},"end":{"line":676,"column":54}},"169":{"start":{"line":678,"column":4},"end":{"line":860,"column":5}},"170":{"start":{"line":678,"column":21},"end":{"line":678,"column":22}},"171":{"start":{"line":679,"column":17},"end":{"line":679,"column":60}},"172":{"start":{"line":680,"column":19},"end":{"line":680,"column":38}},"173":{"start":{"line":681,"column":20},"end":{"line":681,"column":22}},"174":{"start":{"line":685,"column":6},"end":{"line":689,"column":7}},"175":{"start":{"line":686,"column":24},"end":{"line":686,"column":50}},"176":{"start":{"line":687,"column":26},"end":{"line":687,"column":64}},"177":{"start":{"line":688,"column":8},"end":{"line":688,"column":176}},"178":{"start":{"line":692,"column":6},"end":{"line":695,"column":7}},"179":{"start":{"line":693,"column":26},"end":{"line":693,"column":69}},"180":{"start":{"line":694,"column":8},"end":{"line":694,"column":178}},"181":{"start":{"line":698,"column":6},"end":{"line":701,"column":7}},"182":{"start":{"line":699,"column":24},"end":{"line":699,"column":82}},"183":{"start":{"line":700,"column":8},"end":{"line":700,"column":248}},"184":{"start":{"line":704,"column":6},"end":{"line":707,"column":7}},"185":{"start":{"line":705,"column":29},"end":{"line":705,"column":80}},"186":{"start":{"line":706,"column":8},"end":{"line":706,"column":190}},"187":{"start":{"line":711,"column":6},"end":{"line":711,"column":196}},"188":{"start":{"line":714,"column":6},"end":{"line":714,"column":161}},"189":{"start":{"line":715,"column":6},"end":{"line":715,"column":159}},"190":{"start":{"line":716,"column":6},"end":{"line":716,"column":154}},"191":{"start":{"line":717,"column":6},"end":{"line":717,"column":160}},"192":{"start":{"line":718,"column":6},"end":{"line":718,"column":160}},"193":{"start":{"line":721,"column":6},"end":{"line":724,"column":7}},"194":{"start":{"line":721,"column":19},"end":{"line":721,"column":20}},"195":{"start":{"line":722,"column":20},"end":{"line":722,"column":29}},"196":{"start":{"line":723,"column":8},"end":{"line":723,"column":253}},"197":{"start":{"line":727,"column":26},"end":{"line":727,"column":53}},"198":{"start":{"line":728,"column":6},"end":{"line":732,"column":7}},"199":{"start":{"line":728,"column":19},"end":{"line":728,"column":20}},"200":{"start":{"line":729,"column":20},"end":{"line":729,"column":61}},"201":{"start":{"line":730,"column":28},"end":{"line":730,"column":124}},"202":{"start":{"line":731,"column":8},"end":{"line":731,"column":333}},"203":{"start":{"line":735,"column":25},"end":{"line":735,"column":52}},"204":{"start":{"line":736,"column":6},"end":{"line":739,"column":7}},"205":{"start":{"line":736,"column":19},"end":{"line":736,"column":20}},"206":{"start":{"line":737,"column":20},"end":{"line":737,"column":61}},"207":{"start":{"line":738,"column":8},"end":{"line":738,"column":229}},"208":{"start":{"line":742,"column":6},"end":{"line":744,"column":7}},"209":{"start":{"line":743,"column":8},"end":{"line":743,"column":212}},"210":{"start":{"line":747,"column":22},"end":{"line":747,"column":51}},"211":{"start":{"line":748,"column":6},"end":{"line":751,"column":7}},"212":{"start":{"line":748,"column":19},"end":{"line":748,"column":20}},"213":{"start":{"line":749,"column":20},"end":{"line":749,"column":61}},"214":{"start":{"line":750,"column":8},"end":{"line":750,"column":240}},"215":{"start":{"line":754,"column":6},"end":{"line":756,"column":7}},"216":{"start":{"line":755,"column":8},"end":{"line":755,"column":258}},"217":{"start":{"line":759,"column":6},"end":{"line":759,"column":192}},"218":{"start":{"line":760,"column":6},"end":{"line":762,"column":7}},"219":{"start":{"line":761,"column":8},"end":{"line":761,"column":238}},"220":{"start":{"line":763,"column":6},"end":{"line":765,"column":7}},"221":{"start":{"line":764,"column":8},"end":{"line":764,"column":191}},"222":{"start":{"line":768,"column":27},"end":{"line":768,"column":54}},"223":{"start":{"line":769,"column":6},"end":{"line":772,"column":7}},"224":{"start":{"line":769,"column":19},"end":{"line":769,"column":20}},"225":{"start":{"line":770,"column":20},"end":{"line":770,"column":63}},"226":{"start":{"line":771,"column":8},"end":{"line":771,"column":254}},"227":{"start":{"line":775,"column":28},"end":{"line":775,"column":125}},"228":{"start":{"line":776,"column":23},"end":{"line":776,"column":81}},"229":{"start":{"line":777,"column":6},"end":{"line":780,"column":7}},"230":{"start":{"line":777,"column":19},"end":{"line":777,"column":20}},"231":{"start":{"line":778,"column":25},"end":{"line":778,"column":45}},"232":{"start":{"line":779,"column":8},"end":{"line":779,"column":221}},"233":{"start":{"line":783,"column":6},"end":{"line":785,"column":7}},"234":{"start":{"line":784,"column":8},"end":{"line":784,"column":275}},"235":{"start":{"line":788,"column":6},"end":{"line":788,"column":233}},"236":{"start":{"line":791,"column":27},"end":{"line":791,"column":54}},"237":{"start":{"line":792,"column":6},"end":{"line":795,"column":7}},"238":{"start":{"line":792,"column":19},"end":{"line":792,"column":20}},"239":{"start":{"line":793,"column":20},"end":{"line":793,"column":62}},"240":{"start":{"line":794,"column":8},"end":{"line":794,"column":208}},"241":{"start":{"line":798,"column":33},"end":{"line":798,"column":60}},"242":{"start":{"line":799,"column":6},"end":{"line":803,"column":7}},"243":{"start":{"line":799,"column":19},"end":{"line":799,"column":20}},"244":{"start":{"line":800,"column":20},"end":{"line":800,"column":62}},"245":{"start":{"line":801,"column":27},"end":{"line":801,"column":98}},"246":{"start":{"line":802,"column":8},"end":{"line":802,"column":312}},"247":{"start":{"line":806,"column":6},"end":{"line":808,"column":7}},"248":{"start":{"line":807,"column":8},"end":{"line":807,"column":246}},"249":{"start":{"line":811,"column":29},"end":{"line":811,"column":56}},"250":{"start":{"line":812,"column":6},"end":{"line":815,"column":7}},"251":{"start":{"line":812,"column":19},"end":{"line":812,"column":20}},"252":{"start":{"line":813,"column":20},"end":{"line":813,"column":62}},"253":{"start":{"line":814,"column":8},"end":{"line":814,"column":218}},"254":{"start":{"line":818,"column":6},"end":{"line":821,"column":7}},"255":{"start":{"line":819,"column":27},"end":{"line":819,"column":57}},"256":{"start":{"line":820,"column":8},"end":{"line":820,"column":265}},"257":{"start":{"line":824,"column":27},"end":{"line":824,"column":56}},"258":{"start":{"line":825,"column":6},"end":{"line":828,"column":7}},"259":{"start":{"line":825,"column":19},"end":{"line":825,"column":20}},"260":{"start":{"line":826,"column":20},"end":{"line":826,"column":61}},"261":{"start":{"line":827,"column":8},"end":{"line":827,"column":211}},"262":{"start":{"line":831,"column":6},"end":{"line":833,"column":7}},"263":{"start":{"line":832,"column":8},"end":{"line":832,"column":256}},"264":{"start":{"line":836,"column":6},"end":{"line":838,"column":7}},"265":{"start":{"line":837,"column":8},"end":{"line":837,"column":285}},"266":{"start":{"line":841,"column":6},"end":{"line":845,"column":7}},"267":{"start":{"line":842,"column":8},"end":{"line":842,"column":173}},"268":{"start":{"line":843,"column":13},"end":{"line":845,"column":7}},"269":{"start":{"line":844,"column":8},"end":{"line":844,"column":242}},"270":{"start":{"line":848,"column":21},"end":{"line":848,"column":88}},"271":{"start":{"line":849,"column":24},"end":{"line":849,"column":45}},"272":{"start":{"line":850,"column":6},"end":{"line":854,"column":7}},"273":{"start":{"line":850,"column":19},"end":{"line":850,"column":20}},"274":{"start":{"line":851,"column":20},"end":{"line":851,"column":54}},"275":{"start":{"line":852,"column":21},"end":{"line":852,"column":122}},"276":{"start":{"line":853,"column":8},"end":{"line":853,"column":234}},"277":{"start":{"line":857,"column":6},"end":{"line":859,"column":7}},"278":{"start":{"line":858,"column":8},"end":{"line":858,"column":28}},"279":{"start":{"line":865,"column":23},"end":{"line":865,"column":133}},"280":{"start":{"line":868,"column":16},"end":{"line":868,"column":18}},"281":{"start":{"line":869,"column":2},"end":{"line":871,"column":3}},"282":{"start":{"line":869,"column":15},"end":{"line":869,"column":24}},"283":{"start":{"line":870,"column":4},"end":{"line":870,"column":18}},"284":{"start":{"line":874,"column":20},"end":{"line":883,"column":19}},"285":{"start":{"line":885,"column":17},"end":{"line":885,"column":19}},"286":{"start":{"line":886,"column":2},"end":{"line":888,"column":3}},"287":{"start":{"line":887,"column":4},"end":{"line":887,"column":45}},"288":{"start":{"line":892,"column":27},"end":{"line":907,"column":3}},"289":{"start":{"line":909,"column":2},"end":{"line":925,"column":3}},"290":{"start":{"line":911,"column":4},"end":{"line":911,"column":38}},"291":{"start":{"line":911,"column":32},"end":{"line":911,"column":38}},"292":{"start":{"line":913,"column":4},"end":{"line":924,"column":5}},"293":{"start":{"line":913,"column":21},"end":{"line":913,"column":22}},"294":{"start":{"line":914,"column":23},"end":{"line":914,"column":69}},"295":{"start":{"line":915,"column":6},"end":{"line":923,"column":7}},"296":{"start":{"line":916,"column":20},"end":{"line":916,"column":34}},"297":{"start":{"line":917,"column":8},"end":{"line":922,"column":9}},"298":{"start":{"line":918,"column":22},"end":{"line":918,"column":38}},"299":{"start":{"line":920,"column":31},"end":{"line":920,"column":112}},"300":{"start":{"line":921,"column":10},"end":{"line":921,"column":89}},"301":{"start":{"line":929,"column":21},"end":{"line":929,"column":153}},"302":{"start":{"line":932,"column":22},"end":{"line":932,"column":46}},"303":{"start":{"line":934,"column":2},"end":{"line":937,"column":3}},"304":{"start":{"line":935,"column":21},"end":{"line":935,"column":135}},"305":{"start":{"line":936,"column":4},"end":{"line":936,"column":111}},"306":{"start":{"line":941,"column":21},"end":{"line":943,"column":3}},"307":{"start":{"line":945,"column":16},"end":{"line":952,"column":3}},"308":{"start":{"line":954,"column":22},"end":{"line":954,"column":46}},"309":{"start":{"line":955,"column":23},"end":{"line":955,"column":44}},"310":{"start":{"line":957,"column":2},"end":{"line":986,"column":3}},"311":{"start":{"line":960,"column":4},"end":{"line":974,"column":5}},"312":{"start":{"line":961,"column":18},"end":{"line":961,"column":62}},"313":{"start":{"line":962,"column":6},"end":{"line":962,"column":110}},"314":{"start":{"line":964,"column":22},"end":{"line":964,"column":38}},"315":{"start":{"line":965,"column":21},"end":{"line":965,"column":32}},"316":{"start":{"line":966,"column":6},"end":{"line":969,"column":7}},"317":{"start":{"line":967,"column":8},"end":{"line":967,"column":22}},"318":{"start":{"line":968,"column":8},"end":{"line":968,"column":19}},"319":{"start":{"line":970,"column":6},"end":{"line":970,"column":108}},"320":{"start":{"line":972,"column":6},"end":{"line":972,"column":81}},"321":{"start":{"line":973,"column":6},"end":{"line":973,"column":85}},"322":{"start":{"line":976,"column":4},"end":{"line":985,"column":6}},"323":{"start":{"line":990,"column":23},"end":{"line":990,"column":133}},"324":{"start":{"line":993,"column":26},"end":{"line":993,"column":52}},"325":{"start":{"line":994,"column":2},"end":{"line":994,"column":58}},"326":{"start":{"line":998,"column":2},"end":{"line":998,"column":43}},"327":{"start":{"line":1002,"column":2},"end":{"line":1007,"column":3}},"328":{"start":{"line":1003,"column":4},"end":{"line":1003,"column":65}},"329":{"start":{"line":1004,"column":4},"end":{"line":1004,"column":16}},"330":{"start":{"line":1006,"column":4},"end":{"line":1006,"column":17}},"331":{"start":{"line":1010,"column":0},"end":{"line":1010,"column":20}}},"fnMap":{"0":{"name":"migrate","decl":{"start":{"line":14,"column":9},"end":{"line":14,"column":16}},"loc":{"start":{"line":14,"column":19},"end":{"line":420,"column":1}},"line":14},"1":{"name":"seedThreeTierProfiles","decl":{"start":{"line":422,"column":9},"end":{"line":422,"column":30}},"loc":{"start":{"line":422,"column":33},"end":{"line":450,"column":1}},"line":422},"2":{"name":"seedCategoriesForProfile","decl":{"start":{"line":452,"column":9},"end":{"line":452,"column":33}},"loc":{"start":{"line":452,"column":45},"end":{"line":488,"column":1}},"line":452},"3":{"name":"seedProfileData","decl":{"start":{"line":490,"column":9},"end":{"line":490,"column":24}},"loc":{"start":{"line":490,"column":34},"end":{"line":527,"column":1}},"line":490},"4":{"name":"(anonymous_4)","decl":{"start":{"line":495,"column":92},"end":{"line":495,"column":93}},"loc":{"start":{"line":495,"column":97},"end":{"line":497,"column":3}},"line":495},"5":{"name":"(anonymous_5)","decl":{"start":{"line":500,"column":16},"end":{"line":500,"column":17}},"loc":{"start":{"line":500,"column":26},"end":{"line":500,"column":44}},"line":500},"6":{"name":"getTierConfig","decl":{"start":{"line":529,"column":9},"end":{"line":529,"column":22}},"loc":{"start":{"line":529,"column":29},"end":{"line":635,"column":1}},"line":529},"7":{"name":"seedAccounts","decl":{"start":{"line":637,"column":9},"end":{"line":637,"column":21}},"loc":{"start":{"line":637,"column":41},"end":{"line":645,"column":1}},"line":637},"8":{"name":"seedLoans","decl":{"start":{"line":647,"column":9},"end":{"line":647,"column":18}},"loc":{"start":{"line":647,"column":49},"end":{"line":660,"column":1}},"line":647},"9":{"name":"seedTransactions","decl":{"start":{"line":662,"column":9},"end":{"line":662,"column":25}},"loc":{"start":{"line":662,"column":76},"end":{"line":862,"column":1}},"line":662},"10":{"name":"(anonymous_10)","decl":{"start":{"line":669,"column":24},"end":{"line":669,"column":25}},"loc":{"start":{"line":669,"column":34},"end":{"line":669,"column":79}},"line":669},"11":{"name":"seedBudgets","decl":{"start":{"line":864,"column":9},"end":{"line":864,"column":20}},"loc":{"start":{"line":864,"column":71},"end":{"line":926,"column":1}},"line":864},"12":{"name":"seedSavingsGoals","decl":{"start":{"line":928,"column":9},"end":{"line":928,"column":25}},"loc":{"start":{"line":928,"column":45},"end":{"line":938,"column":1}},"line":928},"13":{"name":"seedBills","decl":{"start":{"line":940,"column":9},"end":{"line":940,"column":18}},"loc":{"start":{"line":940,"column":38},"end":{"line":987,"column":1}},"line":940},"14":{"name":"seedEmergencyFundConfig","decl":{"start":{"line":989,"column":9},"end":{"line":989,"column":32}},"loc":{"start":{"line":989,"column":52},"end":{"line":995,"column":1}},"line":989},"15":{"name":"randRange","decl":{"start":{"line":997,"column":9},"end":{"line":997,"column":18}},"loc":{"start":{"line":997,"column":29},"end":{"line":999,"column":1}},"line":997},"16":{"name":"columnExists","decl":{"start":{"line":1001,"column":9},"end":{"line":1001,"column":21}},"loc":{"start":{"line":1001,"column":37},"end":{"line":1008,"column":1}},"line":1001}},"branchMap":{"0":{"loc":{"start":{"line":4,"column":49},"end":{"line":4,"column":107}},"type":"cond-expr","locations":[{"start":{"line":4,"column":83},"end":{"line":4,"column":92}},{"start":{"line":4,"column":95},"end":{"line":4,"column":107}}],"line":4},"1":{"loc":{"start":{"line":314,"column":2},"end":{"line":316,"column":3}},"type":"if","locations":[{"start":{"line":314,"column":2},"end":{"line":316,"column":3}},{"start":{},"end":{}}],"line":314},"2":{"loc":{"start":{"line":317,"column":2},"end":{"line":319,"column":3}},"type":"if","locations":[{"start":{"line":317,"column":2},"end":{"line":319,"column":3}},{"start":{},"end":{}}],"line":317},"3":{"loc":{"start":{"line":320,"column":2},"end":{"line":322,"column":3}},"type":"if","locations":[{"start":{"line":320,"column":2},"end":{"line":322,"column":3}},{"start":{},"end":{}}],"line":320},"4":{"loc":{"start":{"line":323,"column":2},"end":{"line":325,"column":3}},"type":"if","locations":[{"start":{"line":323,"column":2},"end":{"line":325,"column":3}},{"start":{},"end":{}}],"line":323},"5":{"loc":{"start":{"line":326,"column":2},"end":{"line":328,"column":3}},"type":"if","locations":[{"start":{"line":326,"column":2},"end":{"line":328,"column":3}},{"start":{},"end":{}}],"line":326},"6":{"loc":{"start":{"line":331,"column":2},"end":{"line":335,"column":3}},"type":"if","locations":[{"start":{"line":331,"column":2},"end":{"line":335,"column":3}},{"start":{},"end":{}}],"line":331},"7":{"loc":{"start":{"line":338,"column":2},"end":{"line":340,"column":3}},"type":"if","locations":[{"start":{"line":338,"column":2},"end":{"line":340,"column":3}},{"start":{},"end":{}}],"line":338},"8":{"loc":{"start":{"line":343,"column":2},"end":{"line":345,"column":3}},"type":"if","locations":[{"start":{"line":343,"column":2},"end":{"line":345,"column":3}},{"start":{},"end":{}}],"line":343},"9":{"loc":{"start":{"line":348,"column":2},"end":{"line":350,"column":3}},"type":"if","locations":[{"start":{"line":348,"column":2},"end":{"line":350,"column":3}},{"start":{},"end":{}}],"line":348},"10":{"loc":{"start":{"line":353,"column":2},"end":{"line":355,"column":3}},"type":"if","locations":[{"start":{"line":353,"column":2},"end":{"line":355,"column":3}},{"start":{},"end":{}}],"line":353},"11":{"loc":{"start":{"line":358,"column":2},"end":{"line":360,"column":3}},"type":"if","locations":[{"start":{"line":358,"column":2},"end":{"line":360,"column":3}},{"start":{},"end":{}}],"line":358},"12":{"loc":{"start":{"line":361,"column":2},"end":{"line":363,"column":3}},"type":"if","locations":[{"start":{"line":361,"column":2},"end":{"line":363,"column":3}},{"start":{},"end":{}}],"line":361},"13":{"loc":{"start":{"line":384,"column":2},"end":{"line":386,"column":3}},"type":"if","locations":[{"start":{"line":384,"column":2},"end":{"line":386,"column":3}},{"start":{},"end":{}}],"line":384},"14":{"loc":{"start":{"line":387,"column":2},"end":{"line":389,"column":3}},"type":"if","locations":[{"start":{"line":387,"column":2},"end":{"line":389,"column":3}},{"start":{},"end":{}}],"line":387},"15":{"loc":{"start":{"line":390,"column":2},"end":{"line":392,"column":3}},"type":"if","locations":[{"start":{"line":390,"column":2},"end":{"line":392,"column":3}},{"start":{},"end":{}}],"line":390},"16":{"loc":{"start":{"line":395,"column":2},"end":{"line":397,"column":3}},"type":"if","locations":[{"start":{"line":395,"column":2},"end":{"line":397,"column":3}},{"start":{},"end":{}}],"line":395},"17":{"loc":{"start":{"line":398,"column":2},"end":{"line":400,"column":3}},"type":"if","locations":[{"start":{"line":398,"column":2},"end":{"line":400,"column":3}},{"start":{},"end":{}}],"line":398},"18":{"loc":{"start":{"line":401,"column":2},"end":{"line":403,"column":3}},"type":"if","locations":[{"start":{"line":401,"column":2},"end":{"line":403,"column":3}},{"start":{},"end":{}}],"line":401},"19":{"loc":{"start":{"line":406,"column":2},"end":{"line":408,"column":3}},"type":"if","locations":[{"start":{"line":406,"column":2},"end":{"line":408,"column":3}},{"start":{},"end":{}}],"line":406},"20":{"loc":{"start":{"line":412,"column":2},"end":{"line":416,"column":3}},"type":"if","locations":[{"start":{"line":412,"column":2},"end":{"line":416,"column":3}},{"start":{},"end":{}}],"line":412},"21":{"loc":{"start":{"line":438,"column":4},"end":{"line":440,"column":5}},"type":"if","locations":[{"start":{"line":438,"column":4},"end":{"line":440,"column":5}},{"start":{},"end":{}}],"line":438},"22":{"loc":{"start":{"line":446,"column":4},"end":{"line":448,"column":5}},"type":"if","locations":[{"start":{"line":446,"column":4},"end":{"line":448,"column":5}},{"start":{},"end":{}}],"line":446},"23":{"loc":{"start":{"line":500,"column":26},"end":{"line":500,"column":44}},"type":"binary-expr","locations":[{"start":{"line":500,"column":26},"end":{"line":500,"column":36}},{"start":{"line":500,"column":40},"end":{"line":500,"column":44}}],"line":500},"24":{"loc":{"start":{"line":676,"column":25},"end":{"line":676,"column":54}},"type":"cond-expr","locations":[{"start":{"line":676,"column":48},"end":{"line":676,"column":49}},{"start":{"line":676,"column":52},"end":{"line":676,"column":54}}],"line":676},"25":{"loc":{"start":{"line":692,"column":6},"end":{"line":695,"column":7}},"type":"if","locations":[{"start":{"line":692,"column":6},"end":{"line":695,"column":7}},{"start":{},"end":{}}],"line":692},"26":{"loc":{"start":{"line":698,"column":6},"end":{"line":701,"column":7}},"type":"if","locations":[{"start":{"line":698,"column":6},"end":{"line":701,"column":7}},{"start":{},"end":{}}],"line":698},"27":{"loc":{"start":{"line":698,"column":10},"end":{"line":698,"column":41}},"type":"binary-expr","locations":[{"start":{"line":698,"column":10},"end":{"line":698,"column":25}},{"start":{"line":698,"column":29},"end":{"line":698,"column":41}}],"line":698},"28":{"loc":{"start":{"line":704,"column":6},"end":{"line":707,"column":7}},"type":"if","locations":[{"start":{"line":704,"column":6},"end":{"line":707,"column":7}},{"start":{},"end":{}}],"line":704},"29":{"loc":{"start":{"line":704,"column":10},"end":{"line":704,"column":67}},"type":"binary-expr","locations":[{"start":{"line":704,"column":10},"end":{"line":704,"column":21}},{"start":{"line":704,"column":25},"end":{"line":704,"column":36}},{"start":{"line":704,"column":40},"end":{"line":704,"column":51}},{"start":{"line":704,"column":55},"end":{"line":704,"column":67}}],"line":704},"30":{"loc":{"start":{"line":742,"column":6},"end":{"line":744,"column":7}},"type":"if","locations":[{"start":{"line":742,"column":6},"end":{"line":744,"column":7}},{"start":{},"end":{}}],"line":742},"31":{"loc":{"start":{"line":747,"column":22},"end":{"line":747,"column":51}},"type":"cond-expr","locations":[{"start":{"line":747,"column":46},"end":{"line":747,"column":47}},{"start":{"line":747,"column":50},"end":{"line":747,"column":51}}],"line":747},"32":{"loc":{"start":{"line":754,"column":6},"end":{"line":756,"column":7}},"type":"if","locations":[{"start":{"line":754,"column":6},"end":{"line":756,"column":7}},{"start":{},"end":{}}],"line":754},"33":{"loc":{"start":{"line":760,"column":6},"end":{"line":762,"column":7}},"type":"if","locations":[{"start":{"line":760,"column":6},"end":{"line":762,"column":7}},{"start":{},"end":{}}],"line":760},"34":{"loc":{"start":{"line":763,"column":6},"end":{"line":765,"column":7}},"type":"if","locations":[{"start":{"line":763,"column":6},"end":{"line":765,"column":7}},{"start":{},"end":{}}],"line":763},"35":{"loc":{"start":{"line":776,"column":23},"end":{"line":776,"column":81}},"type":"cond-expr","locations":[{"start":{"line":776,"column":48},"end":{"line":776,"column":49}},{"start":{"line":776,"column":52},"end":{"line":776,"column":81}}],"line":776},"36":{"loc":{"start":{"line":776,"column":52},"end":{"line":776,"column":81}},"type":"cond-expr","locations":[{"start":{"line":776,"column":76},"end":{"line":776,"column":77}},{"start":{"line":776,"column":80},"end":{"line":776,"column":81}}],"line":776},"37":{"loc":{"start":{"line":783,"column":6},"end":{"line":785,"column":7}},"type":"if","locations":[{"start":{"line":783,"column":6},"end":{"line":785,"column":7}},{"start":{},"end":{}}],"line":783},"38":{"loc":{"start":{"line":783,"column":10},"end":{"line":783,"column":67}},"type":"binary-expr","locations":[{"start":{"line":783,"column":10},"end":{"line":783,"column":21}},{"start":{"line":783,"column":25},"end":{"line":783,"column":36}},{"start":{"line":783,"column":40},"end":{"line":783,"column":51}},{"start":{"line":783,"column":55},"end":{"line":783,"column":67}}],"line":783},"39":{"loc":{"start":{"line":806,"column":6},"end":{"line":808,"column":7}},"type":"if","locations":[{"start":{"line":806,"column":6},"end":{"line":808,"column":7}},{"start":{},"end":{}}],"line":806},"40":{"loc":{"start":{"line":806,"column":10},"end":{"line":806,"column":36}},"type":"binary-expr","locations":[{"start":{"line":806,"column":10},"end":{"line":806,"column":21}},{"start":{"line":806,"column":25},"end":{"line":806,"column":36}}],"line":806},"41":{"loc":{"start":{"line":818,"column":6},"end":{"line":821,"column":7}},"type":"if","locations":[{"start":{"line":818,"column":6},"end":{"line":821,"column":7}},{"start":{},"end":{}}],"line":818},"42":{"loc":{"start":{"line":818,"column":10},"end":{"line":818,"column":37}},"type":"binary-expr","locations":[{"start":{"line":818,"column":10},"end":{"line":818,"column":21}},{"start":{"line":818,"column":25},"end":{"line":818,"column":37}}],"line":818},"43":{"loc":{"start":{"line":819,"column":27},"end":{"line":819,"column":57}},"type":"cond-expr","locations":[{"start":{"line":819,"column":52},"end":{"line":819,"column":53}},{"start":{"line":819,"column":56},"end":{"line":819,"column":57}}],"line":819},"44":{"loc":{"start":{"line":824,"column":27},"end":{"line":824,"column":56}},"type":"cond-expr","locations":[{"start":{"line":824,"column":51},"end":{"line":824,"column":52}},{"start":{"line":824,"column":55},"end":{"line":824,"column":56}}],"line":824},"45":{"loc":{"start":{"line":831,"column":6},"end":{"line":833,"column":7}},"type":"if","locations":[{"start":{"line":831,"column":6},"end":{"line":833,"column":7}},{"start":{},"end":{}}],"line":831},"46":{"loc":{"start":{"line":831,"column":10},"end":{"line":831,"column":44}},"type":"binary-expr","locations":[{"start":{"line":831,"column":10},"end":{"line":831,"column":28}},{"start":{"line":831,"column":32},"end":{"line":831,"column":44}}],"line":831},"47":{"loc":{"start":{"line":836,"column":6},"end":{"line":838,"column":7}},"type":"if","locations":[{"start":{"line":836,"column":6},"end":{"line":838,"column":7}},{"start":{},"end":{}}],"line":836},"48":{"loc":{"start":{"line":836,"column":10},"end":{"line":836,"column":36}},"type":"binary-expr","locations":[{"start":{"line":836,"column":10},"end":{"line":836,"column":21}},{"start":{"line":836,"column":25},"end":{"line":836,"column":36}}],"line":836},"49":{"loc":{"start":{"line":841,"column":6},"end":{"line":845,"column":7}},"type":"if","locations":[{"start":{"line":841,"column":6},"end":{"line":845,"column":7}},{"start":{"line":843,"column":13},"end":{"line":845,"column":7}}],"line":841},"50":{"loc":{"start":{"line":843,"column":13},"end":{"line":845,"column":7}},"type":"if","locations":[{"start":{"line":843,"column":13},"end":{"line":845,"column":7}},{"start":{},"end":{}}],"line":843},"51":{"loc":{"start":{"line":843,"column":17},"end":{"line":843,"column":44}},"type":"binary-expr","locations":[{"start":{"line":843,"column":17},"end":{"line":843,"column":28}},{"start":{"line":843,"column":32},"end":{"line":843,"column":44}}],"line":843},"52":{"loc":{"start":{"line":911,"column":4},"end":{"line":911,"column":38}},"type":"if","locations":[{"start":{"line":911,"column":4},"end":{"line":911,"column":38}},{"start":{},"end":{}}],"line":911},"53":{"loc":{"start":{"line":917,"column":8},"end":{"line":922,"column":9}},"type":"if","locations":[{"start":{"line":917,"column":8},"end":{"line":922,"column":9}},{"start":{},"end":{}}],"line":917},"54":{"loc":{"start":{"line":918,"column":22},"end":{"line":918,"column":38}},"type":"binary-expr","locations":[{"start":{"line":918,"column":22},"end":{"line":918,"column":33}},{"start":{"line":918,"column":37},"end":{"line":918,"column":38}}],"line":918},"55":{"loc":{"start":{"line":920,"column":31},"end":{"line":920,"column":112}},"type":"cond-expr","locations":[{"start":{"line":920,"column":41},"end":{"line":920,"column":44}},{"start":{"line":920,"column":47},"end":{"line":920,"column":112}}],"line":920},"56":{"loc":{"start":{"line":920,"column":47},"end":{"line":920,"column":112}},"type":"binary-expr","locations":[{"start":{"line":920,"column":47},"end":{"line":920,"column":105}},{"start":{"line":920,"column":109},"end":{"line":920,"column":112}}],"line":920},"57":{"loc":{"start":{"line":935,"column":39},"end":{"line":935,"column":66}},"type":"cond-expr","locations":[{"start":{"line":935,"column":61},"end":{"line":935,"column":62}},{"start":{"line":935,"column":65},"end":{"line":935,"column":66}}],"line":935},"58":{"loc":{"start":{"line":946,"column":39},"end":{"line":946,"column":63}},"type":"binary-expr","locations":[{"start":{"line":946,"column":39},"end":{"line":946,"column":55}},{"start":{"line":946,"column":59},"end":{"line":946,"column":63}}],"line":946},"59":{"loc":{"start":{"line":960,"column":4},"end":{"line":974,"column":5}},"type":"if","locations":[{"start":{"line":960,"column":4},"end":{"line":974,"column":5}},{"start":{"line":971,"column":11},"end":{"line":974,"column":5}}],"line":960},"60":{"loc":{"start":{"line":960,"column":8},"end":{"line":960,"column":71}},"type":"binary-expr","locations":[{"start":{"line":960,"column":8},"end":{"line":960,"column":36}},{"start":{"line":960,"column":40},"end":{"line":960,"column":71}}],"line":960},"61":{"loc":{"start":{"line":966,"column":6},"end":{"line":969,"column":7}},"type":"if","locations":[{"start":{"line":966,"column":6},"end":{"line":969,"column":7}},{"start":{},"end":{}}],"line":966}},"s":{"0":0,"1":0,"2":0,"3":0,"4":0,"5":0,"6":0,"7":0,"8":0,"9":0,"10":0,"11":0,"12":0,"13":0,"14":0,"15":0,"16":0,"17":0,"18":0,"19":0,"20":0,"21":0,"22":0,"23":0,"24":0,"25":0,"26":0,"27":0,"28":0,"29":0,"30":0,"31":0,"32":0,"33":0,"34":0,"35":0,"36":0,"37":0,"38":0,"39":0,"40":0,"41":0,"42":0,"43":0,"44":0,"45":0,"46":0,"47":0,"48":0,"49":0,"50":0,"51":0,"52":0,"53":0,"54":0,"55":0,"56":0,"57":0,"58":0,"59":0,"60":0,"61":0,"62":0,"63":0,"64":0,"65":0,"66":0,"67":0,"68":0,"69":0,"70":0,"71":0,"72":0,"73":0,"74":0,"75":0,"76":0,"77":0,"78":0,"79":0,"80":0,"81":0,"82":0,"83":0,"84":0,"85":0,"86":0,"87":0,"88":0,"89":0,"90":0,"91":0,"92":0,"93":0,"94":0,"95":0,"96":0,"97":0,"98":0,"99":0,"100":0,"101":0,"102":0,"103":0,"104":0,"105":0,"106":0,"107":0,"108":0,"109":0,"110":0,"111":0,"112":0,"113":0,"114":0,"115":0,"116":0,"117":0,"118":0,"119":0,"120":0,"121":0,"122":0,"123":0,"124":0,"125":0,"126":0,"127":0,"128":0,"129":0,"130":0,"131":0,"132":0,"133":0,"134":0,"135":0,"136":0,"137":0,"138":0,"139":0,"140":0,"141":0,"142":0,"143":0,"144":0,"145":0,"146":0,"147":0,"148":0,"149":0,"150":0,"151":0,"152":0,"153":0,"154":0,"155":0,"156":0,"157":0,"158":0,"159":0,"160":0,"161":0,"162":0,"163":0,"164":0,"165":0,"166":0,"167":0,"168":0,"169":0,"170":0,"171":0,"172":0,"173":0,"174":0,"175":0,"176":0,"177":0,"178":0,"179":0,"180":0,"181":0,"182":0,"183":0,"184":0,"185":0,"186":0,"187":0,"188":0,"189":0,"190":0,"191":0,"192":0,"193":0,"194":0,"195":0,"196":0,"197":0,"198":0,"199":0,"200":0,"201":0,"202":0,"203":0,"204":0,"205":0,"206":0,"207":0,"208":0,"209":0,"210":0,"211":0,"212":0,"213":0,"214":0,"215":0,"216":0,"217":0,"218":0,"219":0,"220":0,"221":0,"222":0,"223":0,"224":0,"225":0,"226":0,"227":0,"228":0,"229":0,"230":0,"231":0,"232":0,"233":0,"234":0,"235":0,"236":0,"237":0,"238":0,"239":0,"240":0,"241":0,"242":0,"243":0,"244":0,"245":0,"246":0,"247":0,"248":0,"249":0,"250":0,"251":0,"252":0,"253":0,"254":0,"255":0,"256":0,"257":0,"258":0,"259":0,"260":0,"261":0,"262":0,"263":0,"264":0,"265":0,"266":0,"267":0,"268":0,"269":0,"270":0,"271":0,"272":0,"273":0,"274":0,"275":0,"276":0,"277":0,"278":0,"279":0,"280":0,"281":0,"282":0,"283":0,"284":0,"285":0,"286":0,"287":0,"288":0,"289":0,"290":0,"291":0,"292":0,"293":0,"294":0,"295":0,"296":0,"297":0,"298":0,"299":0,"300":0,"301":0,"302":0,"303":0,"304":0,"305":0,"306":0,"307":0,"308":0,"309":0,"310":0,"311":0,"312":0,"313":0,"314":0,"315":0,"316":0,"317":0,"318":0,"319":0,"320":0,"321":0,"322":0,"323":0,"324":0,"325":0,"326":0,"327":0,"328":0,"329":0,"330":0,"331":0},"f":{"0":0,"1":0,"2":0,"3":0,"4":0,"5":0,"6":0,"7":0,"8":0,"9":0,"10":0,"11":0,"12":0,"13":0,"14":0,"15":0,"16":0},"b":{"0":[0,0],"1":[0,0],"2":[0,0],"3":[0,0],"4":[0,0],"5":[0,0],"6":[0,0],"7":[0,0],"8":[0,0],"9":[0,0],"10":[0,0],"11":[0,0],"12":[0,0],"13":[0,0],"14":[0,0],"15":[0,0],"16":[0,0],"17":[0,0],"18":[0,0],"19":[0,0],"20":[0,0],"21":[0,0],"22":[0,0],"23":[0,0],"24":[0,0],"25":[0,0],"26":[0,0],"27":[0,0],"28":[0,0],"29":[0,0,0,0],"30":[0,0],"31":[0,0],"32":[0,0],"33":[0,0],"34":[0,0],"35":[0,0],"36":[0,0],"37":[0,0],"38":[0,0,0,0],"39":[0,0],"40":[0,0],"41":[0,0],"42":[0,0],"43":[0,0],"44":[0,0],"45":[0,0],"46":[0,0],"47":[0,0],"48":[0,0],"49":[0,0],"50":[0,0],"51":[0,0],"52":[0,0],"53":[0,0],"54":[0,0],"55":[0,0],"56":[0,0],"57":[0,0],"58":[0,0],"59":[0,0],"60":[0,0],"61":[0,0]}}
,"/tmp/finance-manager-2/backend/models/loanCalculator.js": {"path":"/tmp/finance-manager-2/backend/models/loanCalculator.js","statementMap":{"0":{"start":{"line":10,"column":2},"end":{"line":10,"column":50}},"1":{"start":{"line":10,"column":24},"end":{"line":10,"column":50}},"2":{"start":{"line":11,"column":12},"end":{"line":11,"column":33}},"3":{"start":{"line":12,"column":2},"end":{"line":12,"column":83}},"4":{"start":{"line":21,"column":22},"end":{"line":21,"column":84}},"5":{"start":{"line":21,"column":54},"end":{"line":21,"column":83}},"6":{"start":{"line":22,"column":28},"end":{"line":22,"column":86}},"7":{"start":{"line":22,"column":68},"end":{"line":22,"column":85}},"8":{"start":{"line":24,"column":19},"end":{"line":24,"column":21}},"9":{"start":{"line":25,"column":16},"end":{"line":25,"column":25}},"10":{"start":{"line":26,"column":19},"end":{"line":26,"column":20}},"11":{"start":{"line":27,"column":22},"end":{"line":27,"column":26}},"12":{"start":{"line":29,"column":2},"end":{"line":85,"column":3}},"13":{"start":{"line":30,"column":4},"end":{"line":30,"column":17}},"14":{"start":{"line":33,"column":22},"end":{"line":33,"column":23}},"15":{"start":{"line":34,"column":4},"end":{"line":40,"column":5}},"16":{"start":{"line":35,"column":6},"end":{"line":39,"column":7}},"17":{"start":{"line":36,"column":8},"end":{"line":38,"column":9}},"18":{"start":{"line":37,"column":10},"end":{"line":37,"column":32}},"19":{"start":{"line":43,"column":23},"end":{"line":43,"column":74}},"20":{"start":{"line":43,"column":51},"end":{"line":43,"column":73}},"21":{"start":{"line":44,"column":25},"end":{"line":44,"column":59}},"22":{"start":{"line":46,"column":28},"end":{"line":46,"column":55}},"23":{"start":{"line":47,"column":4},"end":{"line":47,"column":36}},"24":{"start":{"line":47,"column":30},"end":{"line":47,"column":36}},"25":{"start":{"line":50,"column":4},"end":{"line":52,"column":5}},"26":{"start":{"line":51,"column":6},"end":{"line":51,"column":80}},"27":{"start":{"line":54,"column":28},"end":{"line":54,"column":62}},"28":{"start":{"line":55,"column":27},"end":{"line":55,"column":58}},"29":{"start":{"line":58,"column":4},"end":{"line":60,"column":5}},"30":{"start":{"line":59,"column":6},"end":{"line":59,"column":39}},"31":{"start":{"line":63,"column":4},"end":{"line":65,"column":5}},"32":{"start":{"line":64,"column":6},"end":{"line":64,"column":33}},"33":{"start":{"line":67,"column":4},"end":{"line":67,"column":54}},"34":{"start":{"line":70,"column":14},"end":{"line":70,"column":33}},"35":{"start":{"line":71,"column":4},"end":{"line":71,"column":46}},"36":{"start":{"line":72,"column":22},"end":{"line":72,"column":51}},"37":{"start":{"line":74,"column":4},"end":{"line":84,"column":7}},"38":{"start":{"line":87,"column":2},"end":{"line":87,"column":18}},"39":{"start":{"line":94,"column":2},"end":{"line":94,"column":78}},"40":{"start":{"line":101,"column":2},"end":{"line":101,"column":62}},"41":{"start":{"line":101,"column":39},"end":{"line":101,"column":57}},"42":{"start":{"line":108,"column":2},"end":{"line":108,"column":78}},"43":{"start":{"line":108,"column":39},"end":{"line":108,"column":73}},"44":{"start":{"line":115,"column":2},"end":{"line":115,"column":41}},"45":{"start":{"line":115,"column":29},"end":{"line":115,"column":41}},"46":{"start":{"line":116,"column":2},"end":{"line":116,"column":44}},"47":{"start":{"line":123,"column":2},"end":{"line":123,"column":73}},"48":{"start":{"line":133,"column":16},"end":{"line":133,"column":63}},"49":{"start":{"line":134,"column":25},"end":{"line":134,"column":86}},"50":{"start":{"line":135,"column":22},"end":{"line":135,"column":56}},"51":{"start":{"line":136,"column":27},"end":{"line":136,"column":74}},"52":{"start":{"line":137,"column":2},"end":{"line":137,"column":49}},"53":{"start":{"line":144,"column":27},"end":{"line":144,"column":58}},"54":{"start":{"line":145,"column":22},"end":{"line":145,"column":45}},"55":{"start":{"line":146,"column":25},"end":{"line":146,"column":48}},"56":{"start":{"line":147,"column":20},"end":{"line":147,"column":35}},"57":{"start":{"line":149,"column":2},"end":{"line":162,"column":4}},"58":{"start":{"line":157,"column":34},"end":{"line":157,"column":47}},"59":{"start":{"line":165,"column":0},"end":{"line":175,"column":2}}},"fnMap":{"0":{"name":"calcMonthlyPayment","decl":{"start":{"line":9,"column":9},"end":{"line":9,"column":27}},"loc":{"start":{"line":9,"column":59},"end":{"line":13,"column":1}},"line":9},"1":{"name":"calculateSchedule","decl":{"start":{"line":19,"column":9},"end":{"line":19,"column":26}},"loc":{"start":{"line":19,"column":87},"end":{"line":88,"column":1}},"line":19},"2":{"name":"(anonymous_2)","decl":{"start":{"line":21,"column":44},"end":{"line":21,"column":45}},"loc":{"start":{"line":21,"column":54},"end":{"line":21,"column":83}},"line":21},"3":{"name":"(anonymous_3)","decl":{"start":{"line":22,"column":58},"end":{"line":22,"column":59}},"loc":{"start":{"line":22,"column":68},"end":{"line":22,"column":85}},"line":22},"4":{"name":"(anonymous_4)","decl":{"start":{"line":43,"column":46},"end":{"line":43,"column":47}},"loc":{"start":{"line":43,"column":51},"end":{"line":43,"column":73}},"line":43},"5":{"name":"calculateScheduleNoPrepayments","decl":{"start":{"line":93,"column":9},"end":{"line":93,"column":39}},"loc":{"start":{"line":93,"column":87},"end":{"line":95,"column":1}},"line":93},"6":{"name":"totalInterest","decl":{"start":{"line":100,"column":9},"end":{"line":100,"column":22}},"loc":{"start":{"line":100,"column":33},"end":{"line":102,"column":1}},"line":100},"7":{"name":"(anonymous_7)","decl":{"start":{"line":101,"column":25},"end":{"line":101,"column":26}},"loc":{"start":{"line":101,"column":39},"end":{"line":101,"column":57}},"line":101},"8":{"name":"totalPaid","decl":{"start":{"line":107,"column":9},"end":{"line":107,"column":18}},"loc":{"start":{"line":107,"column":29},"end":{"line":109,"column":1}},"line":107},"9":{"name":"(anonymous_9)","decl":{"start":{"line":108,"column":25},"end":{"line":108,"column":26}},"loc":{"start":{"line":108,"column":39},"end":{"line":108,"column":73}},"line":108},"10":{"name":"payoffDate","decl":{"start":{"line":114,"column":9},"end":{"line":114,"column":19}},"loc":{"start":{"line":114,"column":30},"end":{"line":117,"column":1}},"line":114},"11":{"name":"interestSaved","decl":{"start":{"line":122,"column":9},"end":{"line":122,"column":22}},"loc":{"start":{"line":122,"column":57},"end":{"line":124,"column":1}},"line":122},"12":{"name":"monthsSaved","decl":{"start":{"line":132,"column":9},"end":{"line":132,"column":20}},"loc":{"start":{"line":132,"column":55},"end":{"line":138,"column":1}},"line":132},"13":{"name":"getSummary","decl":{"start":{"line":143,"column":9},"end":{"line":143,"column":19}},"loc":{"start":{"line":143,"column":48},"end":{"line":163,"column":1}},"line":143},"14":{"name":"(anonymous_14)","decl":{"start":{"line":157,"column":24},"end":{"line":157,"column":25}},"loc":{"start":{"line":157,"column":34},"end":{"line":157,"column":47}},"line":157}},"branchMap":{"0":{"loc":{"start":{"line":10,"column":2},"end":{"line":10,"column":50}},"type":"if","locations":[{"start":{"line":10,"column":2},"end":{"line":10,"column":50}},{"start":{},"end":{}}],"line":10},"1":{"loc":{"start":{"line":22,"column":33},"end":{"line":22,"column":50}},"type":"binary-expr","locations":[{"start":{"line":22,"column":33},"end":{"line":22,"column":44}},{"start":{"line":22,"column":48},"end":{"line":22,"column":50}}],"line":22},"2":{"loc":{"start":{"line":29,"column":9},"end":{"line":29,"column":54}},"type":"binary-expr","locations":[{"start":{"line":29,"column":9},"end":{"line":29,"column":23}},{"start":{"line":29,"column":27},"end":{"line":29,"column":54}}],"line":29},"3":{"loc":{"start":{"line":35,"column":6},"end":{"line":39,"column":7}},"type":"if","locations":[{"start":{"line":35,"column":6},"end":{"line":39,"column":7}},{"start":{},"end":{}}],"line":35},"4":{"loc":{"start":{"line":36,"column":8},"end":{"line":38,"column":9}},"type":"if","locations":[{"start":{"line":36,"column":8},"end":{"line":38,"column":9}},{"start":{},"end":{}}],"line":36},"5":{"loc":{"start":{"line":36,"column":12},"end":{"line":36,"column":55}},"type":"binary-expr","locations":[{"start":{"line":36,"column":12},"end":{"line":36,"column":25}},{"start":{"line":36,"column":29},"end":{"line":36,"column":55}}],"line":36},"6":{"loc":{"start":{"line":44,"column":25},"end":{"line":44,"column":59}},"type":"cond-expr","locations":[{"start":{"line":44,"column":38},"end":{"line":44,"column":55}},{"start":{"line":44,"column":58},"end":{"line":44,"column":59}}],"line":44},"7":{"loc":{"start":{"line":47,"column":4},"end":{"line":47,"column":36}},"type":"if","locations":[{"start":{"line":47,"column":4},"end":{"line":47,"column":36}},{"start":{},"end":{}}],"line":47},"8":{"loc":{"start":{"line":50,"column":4},"end":{"line":52,"column":5}},"type":"if","locations":[{"start":{"line":50,"column":4},"end":{"line":52,"column":5}},{"start":{},"end":{}}],"line":50},"9":{"loc":{"start":{"line":50,"column":8},"end":{"line":50,"column":44}},"type":"binary-expr","locations":[{"start":{"line":50,"column":8},"end":{"line":50,"column":18}},{"start":{"line":50,"column":22},"end":{"line":50,"column":44}}],"line":50},"10":{"loc":{"start":{"line":58,"column":4},"end":{"line":60,"column":5}},"type":"if","locations":[{"start":{"line":58,"column":4},"end":{"line":60,"column":5}},{"start":{},"end":{}}],"line":58},"11":{"loc":{"start":{"line":63,"column":4},"end":{"line":65,"column":5}},"type":"if","locations":[{"start":{"line":63,"column":4},"end":{"line":65,"column":5}},{"start":{},"end":{}}],"line":63},"12":{"loc":{"start":{"line":78,"column":37},"end":{"line":78,"column":66}},"type":"cond-expr","locations":[{"start":{"line":78,"column":50},"end":{"line":78,"column":62}},{"start":{"line":78,"column":65},"end":{"line":78,"column":66}}],"line":78},"13":{"loc":{"start":{"line":81,"column":18},"end":{"line":81,"column":35}},"type":"binary-expr","locations":[{"start":{"line":81,"column":18},"end":{"line":81,"column":30}},{"start":{"line":81,"column":34},"end":{"line":81,"column":35}}],"line":81},"14":{"loc":{"start":{"line":83,"column":12},"end":{"line":83,"column":53}},"type":"cond-expr","locations":[{"start":{"line":83,"column":26},"end":{"line":83,"column":47}},{"start":{"line":83,"column":51},"end":{"line":83,"column":53}}],"line":83},"15":{"loc":{"start":{"line":83,"column":26},"end":{"line":83,"column":47}},"type":"binary-expr","locations":[{"start":{"line":83,"column":26},"end":{"line":83,"column":41}},{"start":{"line":83,"column":45},"end":{"line":83,"column":47}}],"line":83},"16":{"loc":{"start":{"line":115,"column":2},"end":{"line":115,"column":41}},"type":"if","locations":[{"start":{"line":115,"column":2},"end":{"line":115,"column":41}},{"start":{},"end":{}}],"line":115},"17":{"loc":{"start":{"line":134,"column":25},"end":{"line":134,"column":86}},"type":"cond-expr","locations":[{"start":{"line":134,"column":55},"end":{"line":134,"column":82}},{"start":{"line":134,"column":85},"end":{"line":134,"column":86}}],"line":134},"18":{"loc":{"start":{"line":156,"column":23},"end":{"line":158,"column":9}},"type":"cond-expr","locations":[{"start":{"line":157,"column":8},"end":{"line":157,"column":69}},{"start":{"line":158,"column":8},"end":{"line":158,"column":9}}],"line":156},"19":{"loc":{"start":{"line":159,"column":16},"end":{"line":159,"column":61}},"type":"cond-expr","locations":[{"start":{"line":159,"column":38},"end":{"line":159,"column":57}},{"start":{"line":159,"column":60},"end":{"line":159,"column":61}}],"line":159}},"s":{"0":42,"1":2,"2":40,"3":40,"4":31,"5":12,"6":31,"7":0,"8":31,"9":31,"10":31,"11":31,"12":31,"13":836,"14":836,"15":836,"16":1389,"17":1189,"18":966,"19":836,"20":137,"21":836,"22":836,"23":836,"24":5,"25":831,"26":38,"27":831,"28":831,"29":831,"30":7,"31":831,"32":26,"33":831,"34":831,"35":831,"36":831,"37":831,"38":31,"39":0,"40":16,"41":277,"42":3,"43":52,"44":4,"45":1,"46":3,"47":4,"48":3,"49":3,"50":3,"51":3,"52":3,"53":2,"54":2,"55":2,"56":2,"57":2,"58":32,"59":2},"f":{"0":42,"1":31,"2":12,"3":0,"4":137,"5":0,"6":16,"7":277,"8":3,"9":52,"10":4,"11":4,"12":3,"13":2,"14":32},"b":{"0":[2,40],"1":[31,0],"2":[862,836],"3":[1189,200],"4":[966,223],"5":[1189,343],"6":[7,829],"7":[5,831],"8":[38,793],"9":[831,824],"10":[7,824],"11":[26,805],"12":[7,824],"13":[831,824],"14":[7,824],"15":[7,0],"16":[1,3],"17":[3,0],"18":[2,0],"19":[2,0]},"_coverageSchema":"1a1c01bbd47fc00a2c39e90264f33305004495a9","hash":"e9c7559c44f34a8eab0cb5733509eef8c94c9ef7"}
}
