TN:
SF:backend/database.js
FN:14,migrate
FN:422,seedThreeTierProfiles
FN:452,seedCategoriesForProfile
FN:490,seedProfileData
FN:495,(anonymous_4)
FN:500,(anonymous_5)
FN:529,getTierConfig
FN:637,seedAccounts
FN:647,seedLoans
FN:662,seedTransactions
FN:669,(anonymous_10)
FN:864,seedBudgets
FN:928,seedSavingsGoals
FN:940,seedBills
FN:989,seedEmergencyFundConfig
FN:997,randRange
FN:1001,columnExists
FNF:17
FNH:0
FNDA:0,migrate
FNDA:0,seedThreeTierProfiles
FNDA:0,seedCategoriesForProfile
FNDA:0,seedProfileData
FNDA:0,(anonymous_4)
FNDA:0,(anonymous_5)
FNDA:0,getTierConfig
FNDA:0,seedAccounts
FNDA:0,seedLoans
FNDA:0,seedTransactions
FNDA:0,(anonymous_10)
FNDA:0,seedBudgets
FNDA:0,seedSavingsGoals
FNDA:0,seedBills
FNDA:0,seedEmergencyFundConfig
FNDA:0,randRange
FNDA:0,columnExists
DA:1,0
DA:2,0
DA:4,0
DA:5,0
DA:8,0
DA:9,0
DA:12,0
DA:16,0
DA:25,0
DA:38,0
DA:41,0
DA:60,0
DA:61,0
DA:62,0
DA:65,0
DA:77,0
DA:80,0
DA:92,0
DA:95,0
DA:102,0
DA:105,0
DA:117,0
DA:120,0
DA:131,0
DA:142,0
DA:152,0
DA:162,0
DA:171,0
DA:183,0
DA:186,0
DA:195,0
DA:196,0
DA:198,0
DA:214,0
DA:217,0
DA:236,0
DA:239,0
DA:251,0
DA:254,0
DA:266,0
DA:267,0
DA:268,0
DA:271,0
DA:281,0
DA:284,0
DA:293,0
DA:294,0
DA:297,0
DA:310,0
DA:311,0
DA:314,0
DA:315,0
DA:317,0
DA:318,0
DA:320,0
DA:321,0
DA:323,0
DA:324,0
DA:326,0
DA:327,0
DA:331,0
DA:332,0
DA:333,0
DA:338,0
DA:339,0
DA:343,0
DA:344,0
DA:348,0
DA:349,0
DA:353,0
DA:354,0
DA:358,0
DA:359,0
DA:361,0
DA:362,0
DA:366,0
DA:380,0
DA:381,0
DA:384,0
DA:385,0
DA:387,0
DA:388,0
DA:390,0
DA:391,0
DA:395,0
DA:396,0
DA:398,0
DA:399,0
DA:401,0
DA:402,0
DA:406,0
DA:407,0
DA:411,0
DA:412,0
DA:413,0
DA:414,0
DA:415,0
DA:419,0
DA:423,0
DA:430,0
DA:431,0
DA:432,0
DA:436,0
DA:437,0
DA:438,0
DA:439,0
DA:444,0
DA:445,0
DA:446,0
DA:447,0
DA:453,0
DA:457,0
DA:485,0
DA:486,0
DA:491,0
DA:494,0
DA:495,0
DA:496,0
DA:500,0
DA:503,0
DA:504,0
DA:505,0
DA:508,0
DA:511,0
DA:514,0
DA:517,0
DA:520,0
DA:523,0
DA:526,0
DA:530,0
DA:634,0
DA:638,0
DA:642,0
DA:643,0
DA:648,0
DA:652,0
DA:654,0
DA:655,0
DA:656,0
DA:658,0
DA:663,0
DA:668,0
DA:669,0
DA:671,0
DA:672,0
DA:673,0
DA:675,0
DA:676,0
DA:678,0
DA:679,0
DA:680,0
DA:681,0
DA:685,0
DA:686,0
DA:687,0
DA:688,0
DA:692,0
DA:693,0
DA:694,0
DA:698,0
DA:699,0
DA:700,0
DA:704,0
DA:705,0
DA:706,0
DA:711,0
DA:714,0
DA:715,0
DA:716,0
DA:717,0
DA:718,0
DA:721,0
DA:722,0
DA:723,0
DA:727,0
DA:728,0
DA:729,0
DA:730,0
DA:731,0
DA:735,0
DA:736,0
DA:737,0
DA:738,0
DA:742,0
DA:743,0
DA:747,0
DA:748,0
DA:749,0
DA:750,0
DA:754,0
DA:755,0
DA:759,0
DA:760,0
DA:761,0
DA:763,0
DA:764,0
DA:768,0
DA:769,0
DA:770,0
DA:771,0
DA:775,0
DA:776,0
DA:777,0
DA:778,0
DA:779,0
DA:783,0
DA:784,0
DA:788,0
DA:791,0
DA:792,0
DA:793,0
DA:794,0
DA:798,0
DA:799,0
DA:800,0
DA:801,0
DA:802,0
DA:806,0
DA:807,0
DA:811,0
DA:812,0
DA:813,0
DA:814,0
DA:818,0
DA:819,0
DA:820,0
DA:824,0
DA:825,0
DA:826,0
DA:827,0
DA:831,0
DA:832,0
DA:836,0
DA:837,0
DA:841,0
DA:842,0
DA:843,0
DA:844,0
DA:848,0
DA:849,0
DA:850,0
DA:851,0
DA:852,0
DA:853,0
DA:857,0
DA:858,0
DA:865,0
DA:868,0
DA:869,0
DA:870,0
DA:874,0
DA:885,0
DA:886,0
DA:887,0
DA:892,0
DA:909,0
DA:911,0
DA:913,0
DA:914,0
DA:915,0
DA:916,0
DA:917,0
DA:918,0
DA:920,0
DA:921,0
DA:929,0
DA:932,0
DA:934,0
DA:935,0
DA:936,0
DA:941,0
DA:945,0
DA:954,0
DA:955,0
DA:957,0
DA:960,0
DA:961,0
DA:962,0
DA:964,0
DA:965,0
DA:966,0
DA:967,0
DA:968,0
DA:970,0
DA:972,0
DA:973,0
DA:976,0
DA:990,0
DA:993,0
DA:994,0
DA:998,0
DA:1002,0
DA:1003,0
DA:1004,0
DA:1006,0
DA:1010,0
LF:296
LH:0
BRDA:4,0,0,0
BRDA:4,0,1,0
BRDA:314,1,0,0
BRDA:314,1,1,0
BRDA:317,2,0,0
BRDA:317,2,1,0
BRDA:320,3,0,0
BRDA:320,3,1,0
BRDA:323,4,0,0
BRDA:323,4,1,0
BRDA:326,5,0,0
BRDA:326,5,1,0
BRDA:331,6,0,0
BRDA:331,6,1,0
BRDA:338,7,0,0
BRDA:338,7,1,0
BRDA:343,8,0,0
BRDA:343,8,1,0
BRDA:348,9,0,0
BRDA:348,9,1,0
BRDA:353,10,0,0
BRDA:353,10,1,0
BRDA:358,11,0,0
BRDA:358,11,1,0
BRDA:361,12,0,0
BRDA:361,12,1,0
BRDA:384,13,0,0
BRDA:384,13,1,0
BRDA:387,14,0,0
BRDA:387,14,1,0
BRDA:390,15,0,0
BRDA:390,15,1,0
BRDA:395,16,0,0
BRDA:395,16,1,0
BRDA:398,17,0,0
BRDA:398,17,1,0
BRDA:401,18,0,0
BRDA:401,18,1,0
BRDA:406,19,0,0
BRDA:406,19,1,0
BRDA:412,20,0,0
BRDA:412,20,1,0
BRDA:438,21,0,0
BRDA:438,21,1,0
BRDA:446,22,0,0
BRDA:446,22,1,0
BRDA:500,23,0,0
BRDA:500,23,1,0
BRDA:676,24,0,0
BRDA:676,24,1,0
BRDA:692,25,0,0
BRDA:692,25,1,0
BRDA:698,26,0,0
BRDA:698,26,1,0
BRDA:698,27,0,0
BRDA:698,27,1,0
BRDA:704,28,0,0
BRDA:704,28,1,0
BRDA:704,29,0,0
BRDA:704,29,1,0
BRDA:704,29,2,0
BRDA:704,29,3,0
BRDA:742,30,0,0
BRDA:742,30,1,0
BRDA:747,31,0,0
BRDA:747,31,1,0
BRDA:754,32,0,0
BRDA:754,32,1,0
BRDA:760,33,0,0
BRDA:760,33,1,0
BRDA:763,34,0,0
BRDA:763,34,1,0
BRDA:776,35,0,0
BRDA:776,35,1,0
BRDA:776,36,0,0
BRDA:776,36,1,0
BRDA:783,37,0,0
BRDA:783,37,1,0
BRDA:783,38,0,0
BRDA:783,38,1,0
BRDA:783,38,2,0
BRDA:783,38,3,0
BRDA:806,39,0,0
BRDA:806,39,1,0
BRDA:806,40,0,0
BRDA:806,40,1,0
BRDA:818,41,0,0
BRDA:818,41,1,0
BRDA:818,42,0,0
BRDA:818,42,1,0
BRDA:819,43,0,0
BRDA:819,43,1,0
BRDA:824,44,0,0
BRDA:824,44,1,0
BRDA:831,45,0,0
BRDA:831,45,1,0
BRDA:831,46,0,0
BRDA:831,46,1,0
BRDA:836,47,0,0
BRDA:836,47,1,0
BRDA:836,48,0,0
BRDA:836,48,1,0
BRDA:841,49,0,0
BRDA:841,49,1,0
BRDA:843,50,0,0
BRDA:843,50,1,0
BRDA:843,51,0,0
BRDA:843,51,1,0
BRDA:911,52,0,0
BRDA:911,52,1,0
BRDA:917,53,0,0
BRDA:917,53,1,0
BRDA:918,54,0,0
BRDA:918,54,1,0
BRDA:920,55,0,0
BRDA:920,55,1,0
BRDA:920,56,0,0
BRDA:920,56,1,0
BRDA:935,57,0,0
BRDA:935,57,1,0
BRDA:946,58,0,0
BRDA:946,58,1,0
BRDA:960,59,0,0
BRDA:960,59,1,0
BRDA:960,60,0,0
BRDA:960,60,1,0
BRDA:966,61,0,0
BRDA:966,61,1,0
BRF:128
BRH:0
end_of_record
TN:
SF:backend/models/loanCalculator.js
FN:9,calcMonthlyPayment
FN:19,calculateSchedule
FN:21,(anonymous_2)
FN:22,(anonymous_3)
FN:43,(anonymous_4)
FN:93,calculateScheduleNoPrepayments
FN:100,totalInterest
FN:101,(anonymous_7)
FN:107,totalPaid
FN:108,(anonymous_9)
FN:114,payoffDate
FN:122,interestSaved
FN:132,monthsSaved
FN:143,getSummary
FN:157,(anonymous_14)
FNF:15
FNH:13
FNDA:42,calcMonthlyPayment
FNDA:31,calculateSchedule
FNDA:12,(anonymous_2)
FNDA:0,(anonymous_3)
FNDA:137,(anonymous_4)
FNDA:0,calculateScheduleNoPrepayments
FNDA:16,totalInterest
FNDA:277,(anonymous_7)
FNDA:3,totalPaid
FNDA:52,(anonymous_9)
FNDA:4,payoffDate
FNDA:4,interestSaved
FNDA:3,monthsSaved
FNDA:2,getSummary
FNDA:32,(anonymous_14)
DA:10,42
DA:11,40
DA:12,40
DA:21,31
DA:22,31
DA:24,31
DA:25,31
DA:26,31
DA:27,31
DA:29,31
DA:30,836
DA:33,836
DA:34,836
DA:35,1389
DA:36,1189
DA:37,966
DA:43,836
DA:44,836
DA:46,836
DA:47,836
DA:50,831
DA:51,38
DA:54,831
DA:55,831
DA:58,831
DA:59,7
DA:63,831
DA:64,26
DA:67,831
DA:70,831
DA:71,831
DA:72,831
DA:74,831
DA:87,31
DA:94,0
DA:101,277
DA:108,52
DA:115,4
DA:116,3
DA:123,4
DA:133,3
DA:134,3
DA:135,3
DA:136,3
DA:137,3
DA:144,2
DA:145,2
DA:146,2
DA:147,2
DA:149,2
DA:157,32
DA:165,2
LF:52
LH:51
BRDA:10,0,0,2
BRDA:10,0,1,40
BRDA:22,1,0,31
BRDA:22,1,1,0
BRDA:29,2,0,862
BRDA:29,2,1,836
BRDA:35,3,0,1189
BRDA:35,3,1,200
BRDA:36,4,0,966
BRDA:36,4,1,223
BRDA:36,5,0,1189
BRDA:36,5,1,343
BRDA:44,6,0,7
BRDA:44,6,1,829
BRDA:47,7,0,5
BRDA:47,7,1,831
BRDA:50,8,0,38
BRDA:50,8,1,793
BRDA:50,9,0,831
BRDA:50,9,1,824
BRDA:58,10,0,7
BRDA:58,10,1,824
BRDA:63,11,0,26
BRDA:63,11,1,805
BRDA:78,12,0,7
BRDA:78,12,1,824
BRDA:81,13,0,831
BRDA:81,13,1,824
BRDA:83,14,0,7
BRDA:83,14,1,824
BRDA:83,15,0,7
BRDA:83,15,1,0
BRDA:115,16,0,1
BRDA:115,16,1,3
BRDA:134,17,0,3
BRDA:134,17,1,0
BRDA:156,18,0,2
BRDA:156,18,1,0
BRDA:159,19,0,2
BRDA:159,19,1,0
BRF:40
BRH:35
end_of_record
